app/build/outputs/logs/manifest-merger-debug-report.txt
-- Merging decision tree log ---
manifest
ADDED from src\main\AndroidManifest.xml:22:1-126:12
	package
		ADDED from src\main\AndroidManifest.xml:23:5-42
		INJECTED from src\main\AndroidManifest.xml
		INJECTED from src\main\AndroidManifest.xml
	android:background
		ADDED from src\main\AndroidManifest.xml:24:5-33
	xmlns:android
		ADDED from src\main\AndroidManifest.xml:22:11-69
	android:theme
		ADDED from src\main\AndroidManifest.xml:25:5-46
uses-sdk
ADDED from src\main\AndroidManifest.xml:27:5-44
	android:targetSdkVersion
		INJECTED from src\main\AndroidManifest.xml
		INJECTED from src\main\AndroidManifest.xml
	android:minSdkVersion
		ADDED from src\main\AndroidManifest.xml:27:15-41
		INJECTED from src\main\AndroidManifest.xml
		INJECTED from src\main\AndroidManifest.xml
application
ADDED from src\main\AndroidManifest.xml:29:5-124:19
	android:label
		ADDED from src\main\AndroidManifest.xml:30:9-41
	android:icon
		ADDED from src\main\AndroidManifest.xml:29:18-52
	android:theme
		ADDED from src\main\AndroidManifest.xml:31:9-50
provider#com.example.android.notepad.NotePadProvider
ADDED from src\main\AndroidManifest.xml:33:9-37:20
	android:authorities
		ADDED from src\main\AndroidManifest.xml:34:13-62
	android:exported
		ADDED from src\main\AndroidManifest.xml:35:13-37
	android:name
		ADDED from src\main\AndroidManifest.xml:33:19-49
grant-uri-permission
ADDED from src\main\AndroidManifest.xml:36:13-62
	android:pathPattern
		ADDED from src\main\AndroidManifest.xml:36:35-59
activity#com.example.android.notepad.NotesList
ADDED from src\main\AndroidManifest.xml:39:9-59:20
	android:label
		ADDED from src\main\AndroidManifest.xml:42:13-53
	android:background
		ADDED from src\main\AndroidManifest.xml:41:13-41
	android:theme
		ADDED from src\main\AndroidManifest.xml:40:13-54
	android:name
		ADDED from src\main\AndroidManifest.xml:39:19-43
intent-filter#android.intent.action.MAIN+android.intent.category.LAUNCHER
ADDED from src\main\AndroidManifest.xml:43:13-46:29
action#android.intent.action.MAIN
ADDED from src\main\AndroidManifest.xml:44:17-69
	android:name
		ADDED from src\main\AndroidManifest.xml:44:25-66
category#android.intent.category.LAUNCHER
ADDED from src\main\AndroidManifest.xml:45:17-77
	android:name
		ADDED from src\main\AndroidManifest.xml:45:27-74
intent-filter#android.intent.action.EDIT+android.intent.action.PICK+android.intent.action.VIEW+android.intent.category.DEFAULT
ADDED from src\main\AndroidManifest.xml:47:13-53:29
action#android.intent.action.VIEW
ADDED from src\main\AndroidManifest.xml:48:17-69
	android:name
		ADDED from src\main\AndroidManifest.xml:48:25-66
action#android.intent.action.EDIT
ADDED from src\main\AndroidManifest.xml:49:17-69
	android:name
		ADDED from src\main\AndroidManifest.xml:49:25-66
action#android.intent.action.PICK
ADDED from src\main\AndroidManifest.xml:50:17-69
	android:name
		ADDED from src\main\AndroidManifest.xml:50:25-66
category#android.intent.category.DEFAULT
ADDED from src\main\AndroidManifest.xml:51:17-76
	android:name
		ADDED from src\main\AndroidManifest.xml:51:27-73
data
ADDED from src\main\AndroidManifest.xml:52:17-83
	android:mimeType
		ADDED from src\main\AndroidManifest.xml:52:23-80
intent-filter#android.intent.action.GET_CONTENT+android.intent.category.DEFAULT
ADDED from src\main\AndroidManifest.xml:54:13-58:29
action#android.intent.action.GET_CONTENT
ADDED from src\main\AndroidManifest.xml:55:17-76
	android:name
		ADDED from src\main\AndroidManifest.xml:55:25-73
activity#com.example.android.notepad.NoteEditor
ADDED from src\main\AndroidManifest.xml:61:9-87:20
	android:screenOrientation
		ADDED from src\main\AndroidManifest.xml:63:13-47
	android:configChanges
		ADDED from src\main\AndroidManifest.xml:64:13-63
	android:theme
		ADDED from src\main\AndroidManifest.xml:62:13-60
	android:name
		ADDED from src\main\AndroidManifest.xml:61:19-44
intent-filter#android.intent.action.EDIT+android.intent.action.VIEW+android.intent.category.DEFAULT+com.android.notepad.action.EDIT_NOTE
ADDED from src\main\AndroidManifest.xml:68:13-74:29
	android:label
		ADDED from src\main\AndroidManifest.xml:68:28-64
action#com.android.notepad.action.EDIT_NOTE
ADDED from src\main\AndroidManifest.xml:71:17-79
	android:name
		ADDED from src\main\AndroidManifest.xml:71:25-76
intent-filter#android.intent.action.INSERT+android.intent.action.PASTE+android.intent.category.DEFAULT
ADDED from src\main\AndroidManifest.xml:80:13-85:29
action#android.intent.action.INSERT
ADDED from src\main\AndroidManifest.xml:81:17-71
	android:name
		ADDED from src\main\AndroidManifest.xml:81:25-68
action#android.intent.action.PASTE
ADDED from src\main\AndroidManifest.xml:82:17-70
	android:name
		ADDED from src\main\AndroidManifest.xml:82:25-67
activity#com.example.android.notepad.TitleEditor
ADDED from src\main\AndroidManifest.xml:89:9-114:20
	android:label
		ADDED from src\main\AndroidManifest.xml:90:13-53
	android:windowSoftInputMode
		ADDED from src\main\AndroidManifest.xml:93:13-55
	android:icon
		ADDED from src\main\AndroidManifest.xml:91:13-50
	android:theme
		ADDED from src\main\AndroidManifest.xml:92:13-61
	android:name
		ADDED from src\main\AndroidManifest.xml:89:19-45
intent-filter#android.intent.category.ALTERNATIVE+android.intent.category.DEFAULT+android.intent.category.SELECTED_ALTERNATIVE+com.android.notepad.action.EDIT_TITLE
ADDED from src\main\AndroidManifest.xml:98:13-113:29
	android:label
		ADDED from src\main\AndroidManifest.xml:98:28-65
action#com.android.notepad.action.EDIT_TITLE
ADDED from src\main\AndroidManifest.xml:102:17-80
	android:name
		ADDED from src\main\AndroidManifest.xml:102:25-77
category#android.intent.category.ALTERNATIVE
ADDED from src\main\AndroidManifest.xml:107:17-80
	android:name
		ADDED from src\main\AndroidManifest.xml:107:27-77
category#android.intent.category.SELECTED_ALTERNATIVE
ADDED from src\main\AndroidManifest.xml:110:17-89
	android:name
		ADDED from src\main\AndroidManifest.xml:110:27-86
activity#com.example.android.notepad.NotesLiveFolder
ADDED from src\main\AndroidManifest.xml:116:9-122:20
	android:label
		ADDED from src\main\AndroidManifest.xml:116:50-90
	android:icon
		ADDED from src\main\AndroidManifest.xml:117:13-55
	android:name
		ADDED from src\main\AndroidManifest.xml:116:19-49
intent-filter#android.intent.action.CREATE_LIVE_FOLDER+android.intent.category.DEFAULT
ADDED from src\main\AndroidManifest.xml:118:13-121:29
action#android.intent.action.CREATE_LIVE_FOLDER
ADDED from src\main\AndroidManifest.xml:119:17-83
	android:name
		ADDED from src\main\AndroidManifest.xml:119:25-80